<?xml version="1.0" encoding="UTF-8"?>
<!-- Generated by org.testng.reporters.JUnitReportReporter -->
<testsuite skipped="0" hostname="del1-lhp-n65328" name="test_runner_pkg.testrunner" tests="1" failures="0" timestamp="10 Aug 2019 05:51:46 GMT" time="24.839" errors="0">
  <testcase name="feature" time="24.839" classname="test_runner_pkg.testrunner"/>
</testsuite> <!-- test_runner_pkg.testrunner -->
